<?xml version="1.0" encoding="UTF-8"?>
<robot generator="Robot 7.3.2 (Python 3.12.3 on linux)" generated="2025-11-17T23:11:22.626501" rpa="false" schemaversion="5">
<suite id="s1" name="Tests" source="/home/kuhville/Documents/OhTu/palautusrepositorio/viikko3/login/src/tests">
<suite id="s1-s1" name="Home" source="/home/kuhville/Documents/OhTu/palautusrepositorio/viikko3/login/src/tests/home.robot">
<kw name="Open And Configure Browser" owner="resource" type="SETUP">
<if>
<branch type="IF" condition="$BROWSER == 'chrome'">
<kw name="Evaluate" owner="BuiltIn">
<msg time="2025-11-17T23:11:22.725513" level="INFO">${options} = &lt;selenium.webdriver.chrome.options.Options object at 0x7db45c21fda0&gt;</msg>
<var>${options}</var>
<arg>sys.modules['selenium.webdriver'].ChromeOptions()</arg>
<arg>sys</arg>
<doc>Evaluates the given expression in Python and returns the result.</doc>
<status status="PASS" start="2025-11-17T23:11:22.725280" elapsed="0.000263"/>
</kw>
<kw name="Call Method" owner="BuiltIn">
<arg>${options}</arg>
<arg>add_argument</arg>
<arg>--incognito</arg>
<doc>Calls the named method of the given object with the provided arguments.</doc>
<status status="PASS" start="2025-11-17T23:11:22.725649" elapsed="0.000125"/>
</kw>
<status status="PASS" start="2025-11-17T23:11:22.724846" elapsed="0.000977"/>
</branch>
<branch type="ELSE IF" condition="$BROWSER == 'firefox'">
<kw name="Evaluate" owner="BuiltIn">
<var>${options}</var>
<arg>sys.modules['selenium.webdriver'].FirefoxOptions()</arg>
<arg>sys</arg>
<doc>Evaluates the given expression in Python and returns the result.</doc>
<status status="NOT RUN" start="2025-11-17T23:11:22.725930" elapsed="0.000018"/>
</kw>
<kw name="Call Method" owner="BuiltIn">
<arg>${options}</arg>
<arg>add_argument</arg>
<arg>--private-window</arg>
<doc>Calls the named method of the given object with the provided arguments.</doc>
<status status="NOT RUN" start="2025-11-17T23:11:22.726008" elapsed="0.000016"/>
</kw>
<status status="NOT RUN" start="2025-11-17T23:11:22.725856" elapsed="0.000193"/>
</branch>
<status status="PASS" start="2025-11-17T23:11:22.724823" elapsed="0.001252"/>
</if>
<if>
<branch type="IF" condition="$HEADLESS == 'true'">
<kw name="Set Selenium Speed" owner="SeleniumLibrary">
<arg>0.05 seconds</arg>
<doc>Sets the delay that is waited after each Selenium command.</doc>
<status status="NOT RUN" start="2025-11-17T23:11:22.726271" elapsed="0.000025"/>
</kw>
<kw name="Call Method" owner="BuiltIn">
<arg>${options}</arg>
<arg>add_argument</arg>
<arg>--headless</arg>
<doc>Calls the named method of the given object with the provided arguments.</doc>
<status status="NOT RUN" start="2025-11-17T23:11:22.726378" elapsed="0.000287"/>
</kw>
<status status="NOT RUN" start="2025-11-17T23:11:22.726121" elapsed="0.000640"/>
</branch>
<branch type="ELSE">
<kw name="Set Selenium Speed" owner="SeleniumLibrary">
<arg>${DELAY}</arg>
<doc>Sets the delay that is waited after each Selenium command.</doc>
<status status="PASS" start="2025-11-17T23:11:22.726968" elapsed="0.000332"/>
</kw>
<status status="PASS" start="2025-11-17T23:11:22.726816" elapsed="0.000561"/>
</branch>
<status status="PASS" start="2025-11-17T23:11:22.726108" elapsed="0.001318"/>
</if>
<kw name="Open Browser" owner="SeleniumLibrary">
<msg time="2025-11-17T23:11:22.727948" level="INFO">Opening browser 'chrome' to base url 'None'.</msg>
<arg>browser=${BROWSER}</arg>
<arg>options=${options}</arg>
<doc>Opens a new browser instance to the optional ``url``.</doc>
<status status="PASS" start="2025-11-17T23:11:22.727706" elapsed="0.361853"/>
</kw>
<status status="PASS" start="2025-11-17T23:11:22.724685" elapsed="0.365028"/>
</kw>
<test id="s1-s1-t1" name="Click Login Link" line="8">
<kw name="Reset Application And Go To Starting Page" type="SETUP">
<kw name="Reset Application" owner="AppLibrary">
<status status="PASS" start="2025-11-17T23:11:23.090773" elapsed="0.003542"/>
</kw>
<kw name="Go To Starting Page" owner="resource">
<kw name="Go To" owner="SeleniumLibrary">
<msg time="2025-11-17T23:11:23.095330" level="INFO">Opening url 'http://localhost:5001'</msg>
<arg>${HOME_URL}</arg>
<doc>Navigates the current browser window to the provided ``url``.</doc>
<status status="PASS" start="2025-11-17T23:11:23.095096" elapsed="0.576411"/>
</kw>
<status status="PASS" start="2025-11-17T23:11:23.094726" elapsed="0.577149"/>
</kw>
<status status="PASS" start="2025-11-17T23:11:23.090398" elapsed="0.581641"/>
</kw>
<kw name="Click Link" owner="SeleniumLibrary">
<msg time="2025-11-17T23:11:23.673415" level="INFO">Clicking link 'Login'.</msg>
<arg>Login</arg>
<doc>Clicks a link identified by ``locator``.</doc>
<status status="PASS" start="2025-11-17T23:11:23.672602" elapsed="1.651099"/>
</kw>
<kw name="Login Page Should Be Open" owner="resource">
<kw name="Title Should Be" owner="SeleniumLibrary">
<msg time="2025-11-17T23:11:25.843386" level="INFO">Page title is 'Login'.</msg>
<arg>Login</arg>
<doc>Verifies that the current page title equals ``title``.</doc>
<status status="PASS" start="2025-11-17T23:11:25.325985" elapsed="0.517790"/>
</kw>
<status status="PASS" start="2025-11-17T23:11:25.324816" elapsed="0.519262"/>
</kw>
<status status="PASS" start="2025-11-17T23:11:23.089831" elapsed="2.754811"/>
</test>
<test id="s1-s1-t2" name="Click Register Link" line="12">
<kw name="Reset Application And Go To Starting Page" type="SETUP">
<kw name="Reset Application" owner="AppLibrary">
<status status="PASS" start="2025-11-17T23:11:25.847175" elapsed="0.004583"/>
</kw>
<kw name="Go To Starting Page" owner="resource">
<kw name="Go To" owner="SeleniumLibrary">
<msg time="2025-11-17T23:11:25.852903" level="INFO">Opening url 'http://localhost:5001'</msg>
<arg>${HOME_URL}</arg>
<doc>Navigates the current browser window to the provided ``url``.</doc>
<status status="PASS" start="2025-11-17T23:11:25.852649" elapsed="0.532802"/>
</kw>
<status status="PASS" start="2025-11-17T23:11:25.852158" elapsed="0.533846"/>
</kw>
<status status="PASS" start="2025-11-17T23:11:25.846615" elapsed="0.539609"/>
</kw>
<kw name="Click Link" owner="SeleniumLibrary">
<msg time="2025-11-17T23:11:26.387903" level="INFO">Clicking link 'Register new user'.</msg>
<arg>Register new user</arg>
<doc>Clicks a link identified by ``locator``.</doc>
<status status="PASS" start="2025-11-17T23:11:26.387002" elapsed="1.623403"/>
</kw>
<kw name="Register Page Should Be Open" owner="resource">
<kw name="Title Should Be" owner="SeleniumLibrary">
<msg time="2025-11-17T23:11:28.525072" level="INFO">Page title is 'Register'.</msg>
<arg>Register</arg>
<doc>Verifies that the current page title equals ``title``.</doc>
<status status="PASS" start="2025-11-17T23:11:28.013188" elapsed="0.512246"/>
</kw>
<status status="PASS" start="2025-11-17T23:11:28.012119" elapsed="0.514063"/>
</kw>
<status status="PASS" start="2025-11-17T23:11:25.845488" elapsed="2.681427"/>
</test>
<kw name="Close Browser" owner="SeleniumLibrary" type="TEARDOWN">
<doc>Closes the current browser.</doc>
<status status="PASS" start="2025-11-17T23:11:28.528412" elapsed="0.578513"/>
</kw>
<status status="PASS" start="2025-11-17T23:11:22.641098" elapsed="6.465893"/>
</suite>
<suite id="s1-s2" name="Login" source="/home/kuhville/Documents/OhTu/palautusrepositorio/viikko3/login/src/tests/login.robot">
<kw name="Open And Configure Browser" owner="resource" type="SETUP">
<if>
<branch type="IF" condition="$BROWSER == 'chrome'">
<kw name="Evaluate" owner="BuiltIn">
<msg time="2025-11-17T23:11:29.109456" level="INFO">${options} = &lt;selenium.webdriver.chrome.options.Options object at 0x7db45bf4ea50&gt;</msg>
<var>${options}</var>
<arg>sys.modules['selenium.webdriver'].ChromeOptions()</arg>
<arg>sys</arg>
<doc>Evaluates the given expression in Python and returns the result.</doc>
<status status="PASS" start="2025-11-17T23:11:29.109270" elapsed="0.000218"/>
</kw>
<kw name="Call Method" owner="BuiltIn">
<arg>${options}</arg>
<arg>add_argument</arg>
<arg>--incognito</arg>
<doc>Calls the named method of the given object with the provided arguments.</doc>
<status status="PASS" start="2025-11-17T23:11:29.109580" elapsed="0.000101"/>
</kw>
<status status="PASS" start="2025-11-17T23:11:29.109110" elapsed="0.000602"/>
</branch>
<branch type="ELSE IF" condition="$BROWSER == 'firefox'">
<kw name="Evaluate" owner="BuiltIn">
<var>${options}</var>
<arg>sys.modules['selenium.webdriver'].FirefoxOptions()</arg>
<arg>sys</arg>
<doc>Evaluates the given expression in Python and returns the result.</doc>
<status status="NOT RUN" start="2025-11-17T23:11:29.109904" elapsed="0.000018"/>
</kw>
<kw name="Call Method" owner="BuiltIn">
<arg>${options}</arg>
<arg>add_argument</arg>
<arg>--private-window</arg>
<doc>Calls the named method of the given object with the provided arguments.</doc>
<status status="NOT RUN" start="2025-11-17T23:11:29.109983" elapsed="0.000016"/>
</kw>
<status status="NOT RUN" start="2025-11-17T23:11:29.109807" elapsed="0.000216"/>
</branch>
<status status="PASS" start="2025-11-17T23:11:29.109093" elapsed="0.000952"/>
</if>
<if>
<branch type="IF" condition="$HEADLESS == 'true'">
<kw name="Set Selenium Speed" owner="SeleniumLibrary">
<arg>0.05 seconds</arg>
<doc>Sets the delay that is waited after each Selenium command.</doc>
<status status="NOT RUN" start="2025-11-17T23:11:29.110213" elapsed="0.000016"/>
</kw>
<kw name="Call Method" owner="BuiltIn">
<arg>${options}</arg>
<arg>add_argument</arg>
<arg>--headless</arg>
<doc>Calls the named method of the given object with the provided arguments.</doc>
<status status="NOT RUN" start="2025-11-17T23:11:29.110281" elapsed="0.000013"/>
</kw>
<status status="NOT RUN" start="2025-11-17T23:11:29.110086" elapsed="0.000229"/>
</branch>
<branch type="ELSE">
<kw name="Set Selenium Speed" owner="SeleniumLibrary">
<arg>${DELAY}</arg>
<doc>Sets the delay that is waited after each Selenium command.</doc>
<status status="PASS" start="2025-11-17T23:11:29.110388" elapsed="0.000188"/>
</kw>
<status status="PASS" start="2025-11-17T23:11:29.110335" elapsed="0.000276"/>
</branch>
<status status="PASS" start="2025-11-17T23:11:29.110075" elapsed="0.000560"/>
</if>
<kw name="Open Browser" owner="SeleniumLibrary">
<msg time="2025-11-17T23:11:29.110883" level="INFO">Opening browser 'chrome' to base url 'None'.</msg>
<arg>browser=${BROWSER}</arg>
<arg>options=${options}</arg>
<doc>Opens a new browser instance to the optional ``url``.</doc>
<status status="PASS" start="2025-11-17T23:11:29.110718" elapsed="0.365659"/>
</kw>
<status status="PASS" start="2025-11-17T23:11:29.108995" elapsed="0.367477"/>
</kw>
<test id="s1-s2-t1" name="Login With Correct Credentials" line="8">
<kw name="Reset Application Create User And Go To Login Page" type="SETUP">
<kw name="Reset Application" owner="AppLibrary">
<status status="PASS" start="2025-11-17T23:11:29.477017" elapsed="0.002390"/>
</kw>
<kw name="Create User" owner="AppLibrary">
<arg>kalle</arg>
<arg>kalle123</arg>
<status status="PASS" start="2025-11-17T23:11:29.479880" elapsed="0.007753"/>
</kw>
<kw name="Go To Login Page" owner="resource">
<kw name="Go To" owner="SeleniumLibrary">
<msg time="2025-11-17T23:11:29.488685" level="INFO">Opening url 'http://localhost:5001/login'</msg>
<arg>${LOGIN_URL}</arg>
<doc>Navigates the current browser window to the provided ``url``.</doc>
<status status="PASS" start="2025-11-17T23:11:29.488494" elapsed="0.554783"/>
</kw>
<status status="PASS" start="2025-11-17T23:11:29.488024" elapsed="0.555740"/>
</kw>
<status status="PASS" start="2025-11-17T23:11:29.476845" elapsed="0.567121"/>
</kw>
<kw name="Set Username">
<kw name="Input Text" owner="SeleniumLibrary">
<msg time="2025-11-17T23:11:30.047000" level="INFO">Typing text 'kalle' into text field 'username'.</msg>
<arg>username</arg>
<arg>${username}</arg>
<doc>Types the given ``text`` into the text field identified by ``locator``.</doc>
<status status="PASS" start="2025-11-17T23:11:30.046074" elapsed="1.653711"/>
</kw>
<arg>kalle</arg>
<status status="PASS" start="2025-11-17T23:11:30.044977" elapsed="1.655183"/>
</kw>
<kw name="Set Password">
<kw name="Input Password" owner="SeleniumLibrary">
<msg time="2025-11-17T23:11:31.702079" level="INFO">Typing password into text field 'password'.</msg>
<msg time="2025-11-17T23:11:32.752634" level="INFO">Temporally setting log level to: NONE</msg>
<arg>password</arg>
<arg>${password}</arg>
<doc>Types the given password into the text field identified by ``locator``.</doc>
<status status="PASS" start="2025-11-17T23:11:31.701576" elapsed="1.614741"/>
</kw>
<arg>kalle123</arg>
<status status="PASS" start="2025-11-17T23:11:31.700812" elapsed="1.616018"/>
</kw>
<kw name="Click Button" owner="SeleniumLibrary">
<msg time="2025-11-17T23:11:33.318439" level="INFO">Clicking button 'Login'.</msg>
<arg>Login</arg>
<doc>Clicks the button identified by ``locator``.</doc>
<status status="PASS" start="2025-11-17T23:11:33.317653" elapsed="2.152624"/>
</kw>
<kw name="Login Should Succeed">
<kw name="Main Page Should Be Open" owner="resource">
<kw name="Title Should Be" owner="SeleniumLibrary">
<msg time="2025-11-17T23:11:35.986249" level="INFO">Page title is 'Ohtu Application main page'.</msg>
<arg>Ohtu Application main page</arg>
<doc>Verifies that the current page title equals ``title``.</doc>
<status status="PASS" start="2025-11-17T23:11:35.473953" elapsed="0.512748"/>
</kw>
<status status="PASS" start="2025-11-17T23:11:35.473178" elapsed="0.513899"/>
</kw>
<status status="PASS" start="2025-11-17T23:11:35.472020" elapsed="0.515307"/>
</kw>
<status status="PASS" start="2025-11-17T23:11:29.476536" elapsed="6.511428"/>
</test>
<test id="s1-s2-t2" name="Login With Incorrect Password" line="14">
<kw name="Reset Application Create User And Go To Login Page" type="SETUP">
<kw name="Reset Application" owner="AppLibrary">
<status status="PASS" start="2025-11-17T23:11:35.990877" elapsed="0.004069"/>
</kw>
<kw name="Create User" owner="AppLibrary">
<arg>kalle</arg>
<arg>kalle123</arg>
<status status="PASS" start="2025-11-17T23:11:35.995341" elapsed="0.009318"/>
</kw>
<kw name="Go To Login Page" owner="resource">
<kw name="Go To" owner="SeleniumLibrary">
<msg time="2025-11-17T23:11:36.005924" level="INFO">Opening url 'http://localhost:5001/login'</msg>
<arg>${LOGIN_URL}</arg>
<doc>Navigates the current browser window to the provided ``url``.</doc>
<status status="PASS" start="2025-11-17T23:11:36.005620" elapsed="0.532676"/>
</kw>
<status status="PASS" start="2025-11-17T23:11:36.005080" elapsed="0.534281"/>
</kw>
<status status="PASS" start="2025-11-17T23:11:35.990165" elapsed="0.549611"/>
</kw>
<kw name="Set Username">
<kw name="Input Text" owner="SeleniumLibrary">
<msg time="2025-11-17T23:11:36.543700" level="INFO">Typing text 'kalle' into text field 'username'.</msg>
<arg>username</arg>
<arg>${username}</arg>
<doc>Types the given ``text`` into the text field identified by ``locator``.</doc>
<status status="PASS" start="2025-11-17T23:11:36.542639" elapsed="1.599169"/>
</kw>
<arg>kalle</arg>
<status status="PASS" start="2025-11-17T23:11:36.540713" elapsed="1.601569"/>
</kw>
<kw name="Set Password">
<kw name="Input Password" owner="SeleniumLibrary">
<msg time="2025-11-17T23:11:38.145523" level="INFO">Typing password into text field 'password'.</msg>
<msg time="2025-11-17T23:11:39.192044" level="INFO">Temporally setting log level to: NONE</msg>
<arg>password</arg>
<arg>${password}</arg>
<doc>Types the given password into the text field identified by ``locator``.</doc>
<status status="PASS" start="2025-11-17T23:11:38.144799" elapsed="1.606851"/>
</kw>
<arg>kalle456</arg>
<status status="PASS" start="2025-11-17T23:11:38.143142" elapsed="1.608906"/>
</kw>
<kw name="Click Button" owner="SeleniumLibrary">
<msg time="2025-11-17T23:11:39.753331" level="INFO">Clicking button 'Login'.</msg>
<arg>Login</arg>
<doc>Clicks the button identified by ``locator``.</doc>
<status status="PASS" start="2025-11-17T23:11:39.752700" elapsed="2.122554"/>
</kw>
<kw name="Login Should Fail With Message">
<kw name="Login Page Should Be Open" owner="resource">
<kw name="Title Should Be" owner="SeleniumLibrary">
<msg time="2025-11-17T23:11:42.385595" level="INFO">Page title is 'Login'.</msg>
<arg>Login</arg>
<doc>Verifies that the current page title equals ``title``.</doc>
<status status="PASS" start="2025-11-17T23:11:41.877722" elapsed="0.508213"/>
</kw>
<status status="PASS" start="2025-11-17T23:11:41.877146" elapsed="0.509219"/>
</kw>
<kw name="Page Should Contain" owner="SeleniumLibrary">
<msg time="2025-11-17T23:11:43.411122" level="INFO">Current page contains text 'Invalid username or password'.</msg>
<arg>${message}</arg>
<doc>Verifies that current page contains ``text``.</doc>
<status status="PASS" start="2025-11-17T23:11:42.386783" elapsed="1.024642"/>
</kw>
<arg>Invalid username or password</arg>
<status status="PASS" start="2025-11-17T23:11:41.876083" elapsed="1.535648"/>
</kw>
<status status="PASS" start="2025-11-17T23:11:35.988889" elapsed="7.423253"/>
</test>
<test id="s1-s2-t3" name="Login With Nonexistent Username" line="20">
<kw name="Reset Application Create User And Go To Login Page" type="SETUP">
<kw name="Reset Application" owner="AppLibrary">
<status status="PASS" start="2025-11-17T23:11:43.414205" elapsed="0.004328"/>
</kw>
<kw name="Create User" owner="AppLibrary">
<arg>kalle</arg>
<arg>kalle123</arg>
<status status="PASS" start="2025-11-17T23:11:43.418849" elapsed="0.008185"/>
</kw>
<kw name="Go To Login Page" owner="resource">
<kw name="Go To" owner="SeleniumLibrary">
<msg time="2025-11-17T23:11:43.428017" level="INFO">Opening url 'http://localhost:5001/login'</msg>
<arg>${LOGIN_URL}</arg>
<doc>Navigates the current browser window to the provided ``url``.</doc>
<status status="PASS" start="2025-11-17T23:11:43.427793" elapsed="0.541385"/>
</kw>
<status status="PASS" start="2025-11-17T23:11:43.427368" elapsed="0.542572"/>
</kw>
<status status="PASS" start="2025-11-17T23:11:43.413793" elapsed="0.556503"/>
</kw>
<kw name="Set Password">
<kw name="Input Password" owner="SeleniumLibrary">
<msg time="2025-11-17T23:11:43.972142" level="INFO">Typing password into text field 'password'.</msg>
<msg time="2025-11-17T23:11:45.019224" level="INFO">Temporally setting log level to: NONE</msg>
<arg>password</arg>
<arg>${password}</arg>
<doc>Types the given password into the text field identified by ``locator``.</doc>
<status status="PASS" start="2025-11-17T23:11:43.971667" elapsed="1.605665"/>
</kw>
<arg>kalle456</arg>
<status status="PASS" start="2025-11-17T23:11:43.970915" elapsed="1.606995"/>
</kw>
<kw name="Click Button" owner="SeleniumLibrary">
<msg time="2025-11-17T23:11:45.579513" level="INFO">Clicking button 'Login'.</msg>
<arg>Login</arg>
<doc>Clicks the button identified by ``locator``.</doc>
<status status="PASS" start="2025-11-17T23:11:45.578710" elapsed="2.115027"/>
</kw>
<kw name="Login Should Fail With Message">
<kw name="Login Page Should Be Open" owner="resource">
<kw name="Title Should Be" owner="SeleniumLibrary">
<msg time="2025-11-17T23:11:48.206048" level="INFO">Page title is 'Login'.</msg>
<arg>Login</arg>
<doc>Verifies that the current page title equals ``title``.</doc>
<status status="PASS" start="2025-11-17T23:11:47.696205" elapsed="0.510185"/>
</kw>
<status status="PASS" start="2025-11-17T23:11:47.695618" elapsed="0.511101"/>
</kw>
<kw name="Page Should Contain" owner="SeleniumLibrary">
<msg time="2025-11-17T23:11:49.234774" level="INFO">Current page contains text 'Username and password are required'.</msg>
<arg>${message}</arg>
<doc>Verifies that current page contains ``text``.</doc>
<status status="PASS" start="2025-11-17T23:11:48.207106" elapsed="1.028088"/>
</kw>
<arg>Username and password are required</arg>
<status status="PASS" start="2025-11-17T23:11:47.694587" elapsed="1.541084"/>
</kw>
<status status="PASS" start="2025-11-17T23:11:43.412984" elapsed="5.823784"/>
</test>
<kw name="Close Browser" owner="SeleniumLibrary" type="TEARDOWN">
<doc>Closes the current browser.</doc>
<status status="PASS" start="2025-11-17T23:11:49.237976" elapsed="0.561914"/>
</kw>
<status status="PASS" start="2025-11-17T23:11:29.107344" elapsed="20.692731"/>
</suite>
<suite id="s1-s3" name="Register" source="/home/kuhville/Documents/OhTu/palautusrepositorio/viikko3/login/src/tests/register.robot">
<kw name="Open And Configure Browser" owner="resource" type="SETUP">
<if>
<branch type="IF" condition="$BROWSER == 'chrome'">
<kw name="Evaluate" owner="BuiltIn">
<msg time="2025-11-17T23:11:49.809485" level="INFO">${options} = &lt;selenium.webdriver.chrome.options.Options object at 0x7db45bf1a9c0&gt;</msg>
<var>${options}</var>
<arg>sys.modules['selenium.webdriver'].ChromeOptions()</arg>
<arg>sys</arg>
<doc>Evaluates the given expression in Python and returns the result.</doc>
<status status="PASS" start="2025-11-17T23:11:49.808874" elapsed="0.000678"/>
</kw>
<kw name="Call Method" owner="BuiltIn">
<arg>${options}</arg>
<arg>add_argument</arg>
<arg>--incognito</arg>
<doc>Calls the named method of the given object with the provided arguments.</doc>
<status status="PASS" start="2025-11-17T23:11:49.809795" elapsed="0.000242"/>
</kw>
<status status="PASS" start="2025-11-17T23:11:49.807790" elapsed="0.002329"/>
</branch>
<branch type="ELSE IF" condition="$BROWSER == 'firefox'">
<kw name="Evaluate" owner="BuiltIn">
<var>${options}</var>
<arg>sys.modules['selenium.webdriver'].FirefoxOptions()</arg>
<arg>sys</arg>
<doc>Evaluates the given expression in Python and returns the result.</doc>
<status status="NOT RUN" start="2025-11-17T23:11:49.810364" elapsed="0.000045"/>
</kw>
<kw name="Call Method" owner="BuiltIn">
<arg>${options}</arg>
<arg>add_argument</arg>
<arg>--private-window</arg>
<doc>Calls the named method of the given object with the provided arguments.</doc>
<status status="NOT RUN" start="2025-11-17T23:11:49.810584" elapsed="0.000040"/>
</kw>
<status status="NOT RUN" start="2025-11-17T23:11:49.810192" elapsed="0.000490"/>
</branch>
<status status="PASS" start="2025-11-17T23:11:49.807740" elapsed="0.002997"/>
</if>
<if>
<branch type="IF" condition="$HEADLESS == 'true'">
<kw name="Set Selenium Speed" owner="SeleniumLibrary">
<arg>0.05 seconds</arg>
<doc>Sets the delay that is waited after each Selenium command.</doc>
<status status="NOT RUN" start="2025-11-17T23:11:49.811118" elapsed="0.000038"/>
</kw>
<kw name="Call Method" owner="BuiltIn">
<arg>${options}</arg>
<arg>add_argument</arg>
<arg>--headless</arg>
<doc>Calls the named method of the given object with the provided arguments.</doc>
<status status="NOT RUN" start="2025-11-17T23:11:49.811282" elapsed="0.000036"/>
</kw>
<status status="NOT RUN" start="2025-11-17T23:11:49.810831" elapsed="0.000541"/>
</branch>
<branch type="ELSE">
<kw name="Set Selenium Speed" owner="SeleniumLibrary">
<arg>${DELAY}</arg>
<doc>Sets the delay that is waited after each Selenium command.</doc>
<status status="PASS" start="2025-11-17T23:11:49.811562" elapsed="0.000349"/>
</kw>
<status status="PASS" start="2025-11-17T23:11:49.811423" elapsed="0.000553"/>
</branch>
<status status="PASS" start="2025-11-17T23:11:49.810806" elapsed="0.001222"/>
</if>
<kw name="Open Browser" owner="SeleniumLibrary">
<msg time="2025-11-17T23:11:49.812556" level="INFO">Opening browser 'chrome' to base url 'None'.</msg>
<arg>browser=${BROWSER}</arg>
<arg>options=${options}</arg>
<doc>Opens a new browser instance to the optional ``url``.</doc>
<status status="PASS" start="2025-11-17T23:11:49.812187" elapsed="0.371279"/>
</kw>
<status status="PASS" start="2025-11-17T23:11:49.807404" elapsed="0.376227"/>
</kw>
<test id="s1-s3-t1" name="Register With Valid Username And Password" line="9">
<kw name="Reset Application Create User And Go To Register Page" type="SETUP">
<kw name="Reset Application" owner="AppLibrary">
<status status="PASS" start="2025-11-17T23:11:50.184606" elapsed="0.003399"/>
</kw>
<kw name="Create User" owner="AppLibrary">
<arg>kalle</arg>
<arg>kalle123</arg>
<status status="PASS" start="2025-11-17T23:11:50.188358" elapsed="0.007167"/>
</kw>
<kw name="Go To Register Page" owner="resource">
<kw name="Go To" owner="SeleniumLibrary">
<msg time="2025-11-17T23:11:50.196677" level="INFO">Opening url 'http://localhost:5001/register'</msg>
<arg>${REGISTER_URL}</arg>
<doc>Navigates the current browser window to the provided ``url``.</doc>
<status status="PASS" start="2025-11-17T23:11:50.196366" elapsed="0.564836"/>
</kw>
<status status="PASS" start="2025-11-17T23:11:50.195880" elapsed="0.565739"/>
</kw>
<status status="PASS" start="2025-11-17T23:11:50.184264" elapsed="0.577719"/>
</kw>
<kw name="Set Username">
<kw name="Input Text" owner="SeleniumLibrary">
<msg time="2025-11-17T23:11:50.763865" level="INFO">Typing text 'Ville' into text field 'username'.</msg>
<arg>username</arg>
<arg>${username}</arg>
<doc>Types the given ``text`` into the text field identified by ``locator``.</doc>
<status status="PASS" start="2025-11-17T23:11:50.763365" elapsed="1.635758"/>
</kw>
<arg>Ville</arg>
<status status="PASS" start="2025-11-17T23:11:50.762664" elapsed="1.636952"/>
</kw>
<kw name="Set Password">
<kw name="Input Password" owner="SeleniumLibrary">
<msg time="2025-11-17T23:11:52.401872" level="INFO">Typing password into text field 'password'.</msg>
<msg time="2025-11-17T23:11:53.456612" level="INFO">Temporally setting log level to: NONE</msg>
<arg>password</arg>
<arg>${password}</arg>
<doc>Types the given password into the text field identified by ``locator``.</doc>
<status status="PASS" start="2025-11-17T23:11:52.401260" elapsed="1.618840"/>
</kw>
<arg>Ville123</arg>
<status status="PASS" start="2025-11-17T23:11:52.400315" elapsed="1.620286"/>
</kw>
<kw name="Set Password Confirmation">
<kw name="Input Password" owner="SeleniumLibrary">
<msg time="2025-11-17T23:11:54.023035" level="INFO">Typing password into text field 'password_confirmation'.</msg>
<msg time="2025-11-17T23:11:55.076602" level="INFO">Temporally setting log level to: NONE</msg>
<arg>password_confirmation</arg>
<arg>${password confirmation}</arg>
<doc>Types the given password into the text field identified by ``locator``.</doc>
<status status="PASS" start="2025-11-17T23:11:54.022372" elapsed="1.614205"/>
</kw>
<arg>Ville123</arg>
<status status="PASS" start="2025-11-17T23:11:54.021395" elapsed="1.615558"/>
</kw>
<kw name="Click Button" owner="SeleniumLibrary">
<msg time="2025-11-17T23:11:55.638116" level="INFO">Clicking button 'Register'.</msg>
<arg>Register</arg>
<doc>Clicks the button identified by ``locator``.</doc>
<status status="PASS" start="2025-11-17T23:11:55.637572" elapsed="2.140739"/>
</kw>
<kw name="Register Should Succeed">
<kw name="Welcome Page Should Be Open" owner="resource">
<kw name="Title Should Be" owner="SeleniumLibrary">
<msg time="2025-11-17T23:11:58.294061" level="INFO">Page title is 'Welcome to Ohtu Application!'.</msg>
<arg>Welcome to Ohtu Application!</arg>
<doc>Verifies that the current page title equals ``title``.</doc>
<status status="PASS" start="2025-11-17T23:11:57.781670" elapsed="0.512854"/>
</kw>
<status status="PASS" start="2025-11-17T23:11:57.781005" elapsed="0.513954"/>
</kw>
<status status="PASS" start="2025-11-17T23:11:57.779963" elapsed="0.515304"/>
</kw>
<status status="PASS" start="2025-11-17T23:11:50.183732" elapsed="8.112272"/>
</test>
<test id="s1-s3-t2" name="Register With Too Short Username And Valid Password" line="16">
<kw name="Reset Application Create User And Go To Register Page" type="SETUP">
<kw name="Reset Application" owner="AppLibrary">
<status status="PASS" start="2025-11-17T23:11:58.299532" elapsed="0.004584"/>
</kw>
<kw name="Create User" owner="AppLibrary">
<arg>kalle</arg>
<arg>kalle123</arg>
<status status="PASS" start="2025-11-17T23:11:58.304517" elapsed="0.009869"/>
</kw>
<kw name="Go To Register Page" owner="resource">
<kw name="Go To" owner="SeleniumLibrary">
<msg time="2025-11-17T23:11:58.315540" level="INFO">Opening url 'http://localhost:5001/register'</msg>
<arg>${REGISTER_URL}</arg>
<doc>Navigates the current browser window to the provided ``url``.</doc>
<status status="PASS" start="2025-11-17T23:11:58.315256" elapsed="0.540795"/>
</kw>
<status status="PASS" start="2025-11-17T23:11:58.314784" elapsed="0.541632"/>
</kw>
<status status="PASS" start="2025-11-17T23:11:58.298760" elapsed="0.557882"/>
</kw>
<kw name="Set Username">
<kw name="Input Text" owner="SeleniumLibrary">
<msg time="2025-11-17T23:11:58.858624" level="INFO">Typing text 'V' into text field 'username'.</msg>
<arg>username</arg>
<arg>${username}</arg>
<doc>Types the given ``text`` into the text field identified by ``locator``.</doc>
<status status="PASS" start="2025-11-17T23:11:58.858035" elapsed="1.600242"/>
</kw>
<arg>V</arg>
<status status="PASS" start="2025-11-17T23:11:58.857242" elapsed="1.601803"/>
</kw>
<kw name="Set Password">
<kw name="Input Password" owner="SeleniumLibrary">
<msg time="2025-11-17T23:12:00.461015" level="INFO">Typing password into text field 'password'.</msg>
<msg time="2025-11-17T23:12:01.504214" level="INFO">Temporally setting log level to: NONE</msg>
<arg>password</arg>
<arg>${password}</arg>
<doc>Types the given password into the text field identified by ``locator``.</doc>
<status status="PASS" start="2025-11-17T23:12:00.460565" elapsed="1.609359"/>
</kw>
<arg>Ville123</arg>
<status status="PASS" start="2025-11-17T23:12:00.459839" elapsed="1.610303"/>
</kw>
<kw name="Set Password Confirmation">
<kw name="Input Password" owner="SeleniumLibrary">
<msg time="2025-11-17T23:12:02.072231" level="INFO">Typing password into text field 'password_confirmation'.</msg>
<msg time="2025-11-17T23:12:03.112591" level="INFO">Temporally setting log level to: NONE</msg>
<arg>password_confirmation</arg>
<arg>${password confirmation}</arg>
<doc>Types the given password into the text field identified by ``locator``.</doc>
<status status="PASS" start="2025-11-17T23:12:02.071641" elapsed="1.596177"/>
</kw>
<arg>Ville123</arg>
<status status="PASS" start="2025-11-17T23:12:02.070873" elapsed="1.597307"/>
</kw>
<kw name="Click Button" owner="SeleniumLibrary">
<msg time="2025-11-17T23:12:03.669241" level="INFO">Clicking button 'Register'.</msg>
<arg>Register</arg>
<doc>Clicks the button identified by ``locator``.</doc>
<status status="PASS" start="2025-11-17T23:12:03.668732" elapsed="2.105754"/>
</kw>
<kw name="Register Should Fail With Message">
<kw name="Register Page Should Be Open" owner="resource">
<kw name="Title Should Be" owner="SeleniumLibrary">
<msg time="2025-11-17T23:12:06.280435" level="INFO">Page title is 'Register'.</msg>
<arg>Register</arg>
<doc>Verifies that the current page title equals ``title``.</doc>
<status status="PASS" start="2025-11-17T23:12:05.775483" elapsed="0.505731"/>
</kw>
<status status="PASS" start="2025-11-17T23:12:05.775190" elapsed="0.506464"/>
</kw>
<kw name="Page Should Contain" owner="SeleniumLibrary">
<msg time="2025-11-17T23:12:07.315170" level="INFO">Current page contains text 'Too short username'.</msg>
<arg>${message}</arg>
<doc>Verifies that current page contains ``text``.</doc>
<status status="PASS" start="2025-11-17T23:12:06.282137" elapsed="1.033438"/>
</kw>
<arg>Too short username</arg>
<status status="PASS" start="2025-11-17T23:12:05.774809" elapsed="1.541066"/>
</kw>
<status status="PASS" start="2025-11-17T23:11:58.297166" elapsed="9.019164"/>
</test>
<test id="s1-s3-t3" name="Register With Valid Username And Too Short Password" line="23">
<kw name="Reset Application Create User And Go To Register Page" type="SETUP">
<kw name="Reset Application" owner="AppLibrary">
<status status="PASS" start="2025-11-17T23:12:07.318417" elapsed="0.004594"/>
</kw>
<kw name="Create User" owner="AppLibrary">
<arg>kalle</arg>
<arg>kalle123</arg>
<status status="PASS" start="2025-11-17T23:12:07.323362" elapsed="0.008839"/>
</kw>
<kw name="Go To Register Page" owner="resource">
<kw name="Go To" owner="SeleniumLibrary">
<msg time="2025-11-17T23:12:07.333778" level="INFO">Opening url 'http://localhost:5001/register'</msg>
<arg>${REGISTER_URL}</arg>
<doc>Navigates the current browser window to the provided ``url``.</doc>
<status status="PASS" start="2025-11-17T23:12:07.333456" elapsed="0.543442"/>
</kw>
<status status="PASS" start="2025-11-17T23:12:07.332891" elapsed="0.544532"/>
</kw>
<status status="PASS" start="2025-11-17T23:12:07.317847" elapsed="0.559934"/>
</kw>
<kw name="Set Username">
<kw name="Input Text" owner="SeleniumLibrary">
<msg time="2025-11-17T23:12:07.881347" level="INFO">Typing text 'Ville1' into text field 'username'.</msg>
<arg>username</arg>
<arg>${username}</arg>
<doc>Types the given ``text`` into the text field identified by ``locator``.</doc>
<status status="PASS" start="2025-11-17T23:12:07.880585" elapsed="1.604747"/>
</kw>
<arg>Ville1</arg>
<status status="PASS" start="2025-11-17T23:12:07.878991" elapsed="1.607008"/>
</kw>
<kw name="Set Password">
<kw name="Input Password" owner="SeleniumLibrary">
<msg time="2025-11-17T23:12:09.488218" level="INFO">Typing password into text field 'password'.</msg>
<msg time="2025-11-17T23:12:10.531670" level="INFO">Temporally setting log level to: NONE</msg>
<arg>password</arg>
<arg>${password}</arg>
<doc>Types the given password into the text field identified by ``locator``.</doc>
<status status="PASS" start="2025-11-17T23:12:09.487644" elapsed="1.598915"/>
</kw>
<arg>abcd</arg>
<status status="PASS" start="2025-11-17T23:12:09.486729" elapsed="1.600207"/>
</kw>
<kw name="Set Password Confirmation">
<kw name="Input Password" owner="SeleniumLibrary">
<msg time="2025-11-17T23:12:11.089082" level="INFO">Typing password into text field 'password_confirmation'.</msg>
<msg time="2025-11-17T23:12:12.133320" level="INFO">Temporally setting log level to: NONE</msg>
<arg>password_confirmation</arg>
<arg>${password confirmation}</arg>
<doc>Types the given password into the text field identified by ``locator``.</doc>
<status status="PASS" start="2025-11-17T23:12:11.088485" elapsed="1.600914"/>
</kw>
<arg>abcd</arg>
<status status="PASS" start="2025-11-17T23:12:11.087614" elapsed="1.602204"/>
</kw>
<kw name="Click Button" owner="SeleniumLibrary">
<msg time="2025-11-17T23:12:12.690986" level="INFO">Clicking button 'Register'.</msg>
<arg>Register</arg>
<doc>Clicks the button identified by ``locator``.</doc>
<status status="PASS" start="2025-11-17T23:12:12.690419" elapsed="2.121699"/>
</kw>
<kw name="Register Should Fail With Message">
<kw name="Register Page Should Be Open" owner="resource">
<kw name="Title Should Be" owner="SeleniumLibrary">
<msg time="2025-11-17T23:12:15.327150" level="INFO">Page title is 'Register'.</msg>
<arg>Register</arg>
<doc>Verifies that the current page title equals ``title``.</doc>
<status status="PASS" start="2025-11-17T23:12:14.815871" elapsed="0.511734"/>
</kw>
<status status="PASS" start="2025-11-17T23:12:14.815096" elapsed="0.513324"/>
</kw>
<kw name="Page Should Contain" owner="SeleniumLibrary">
<msg time="2025-11-17T23:12:16.359275" level="INFO">Current page contains text 'Too short password'.</msg>
<arg>${message}</arg>
<doc>Verifies that current page contains ``text``.</doc>
<status status="PASS" start="2025-11-17T23:12:15.328973" elapsed="1.030701"/>
</kw>
<arg>Too short password</arg>
<status status="PASS" start="2025-11-17T23:12:14.813289" elapsed="1.546733"/>
</kw>
<status status="PASS" start="2025-11-17T23:12:07.316947" elapsed="9.043631"/>
</test>
<test id="s1-s3-t4" name="Register With Valid Username And Invalid Password" line="30">
<kw name="Reset Application Create User And Go To Register Page" type="SETUP">
<kw name="Reset Application" owner="AppLibrary">
<status status="PASS" start="2025-11-17T23:12:16.362910" elapsed="0.004022"/>
</kw>
<kw name="Create User" owner="AppLibrary">
<arg>kalle</arg>
<arg>kalle123</arg>
<status status="PASS" start="2025-11-17T23:12:16.367076" elapsed="0.010562"/>
</kw>
<kw name="Go To Register Page" owner="resource">
<kw name="Go To" owner="SeleniumLibrary">
<msg time="2025-11-17T23:12:16.378885" level="INFO">Opening url 'http://localhost:5001/register'</msg>
<arg>${REGISTER_URL}</arg>
<doc>Navigates the current browser window to the provided ``url``.</doc>
<status status="PASS" start="2025-11-17T23:12:16.378594" elapsed="0.538392"/>
</kw>
<status status="PASS" start="2025-11-17T23:12:16.378063" elapsed="0.539290"/>
</kw>
<status status="PASS" start="2025-11-17T23:12:16.362302" elapsed="0.555288"/>
</kw>
<kw name="Set Username">
<kw name="Input Text" owner="SeleniumLibrary">
<msg time="2025-11-17T23:12:16.919902" level="INFO">Typing text 'Ville1' into text field 'username'.</msg>
<arg>username</arg>
<arg>${username}</arg>
<doc>Types the given ``text`` into the text field identified by ``locator``.</doc>
<status status="PASS" start="2025-11-17T23:12:16.919223" elapsed="1.601484"/>
</kw>
<arg>Ville1</arg>
<status status="PASS" start="2025-11-17T23:12:16.918250" elapsed="1.602869"/>
</kw>
<kw name="Set Password">
<kw name="Input Password" owner="SeleniumLibrary">
<msg time="2025-11-17T23:12:18.523419" level="INFO">Typing password into text field 'password'.</msg>
<msg time="2025-11-17T23:12:19.569910" level="INFO">Temporally setting log level to: NONE</msg>
<arg>password</arg>
<arg>${password}</arg>
<doc>Types the given password into the text field identified by ``locator``.</doc>
<status status="PASS" start="2025-11-17T23:12:18.522797" elapsed="1.611268"/>
</kw>
<arg>abcdefghi</arg>
<status status="PASS" start="2025-11-17T23:12:18.521877" elapsed="1.612570"/>
</kw>
<kw name="Set Password Confirmation">
<kw name="Input Password" owner="SeleniumLibrary">
<msg time="2025-11-17T23:12:20.136221" level="INFO">Typing password into text field 'password_confirmation'.</msg>
<msg time="2025-11-17T23:12:21.188748" level="INFO">Temporally setting log level to: NONE</msg>
<arg>password_confirmation</arg>
<arg>${password confirmation}</arg>
<doc>Types the given password into the text field identified by ``locator``.</doc>
<status status="PASS" start="2025-11-17T23:12:20.135751" elapsed="1.613617"/>
</kw>
<arg>abcdefghi</arg>
<status status="PASS" start="2025-11-17T23:12:20.135057" elapsed="1.614685"/>
</kw>
<kw name="Click Button" owner="SeleniumLibrary">
<msg time="2025-11-17T23:12:21.750765" level="INFO">Clicking button 'Register'.</msg>
<arg>Register</arg>
<doc>Clicks the button identified by ``locator``.</doc>
<status status="PASS" start="2025-11-17T23:12:21.750261" elapsed="2.116827"/>
</kw>
<kw name="Register Should Fail With Message">
<kw name="Register Page Should Be Open" owner="resource">
<kw name="Title Should Be" owner="SeleniumLibrary">
<msg time="2025-11-17T23:12:24.382251" level="INFO">Page title is 'Register'.</msg>
<arg>Register</arg>
<doc>Verifies that the current page title equals ``title``.</doc>
<status status="PASS" start="2025-11-17T23:12:23.870900" elapsed="0.511753"/>
</kw>
<status status="PASS" start="2025-11-17T23:12:23.870193" elapsed="0.512804"/>
</kw>
<kw name="Page Should Contain" owner="SeleniumLibrary">
<msg time="2025-11-17T23:12:25.410538" level="INFO">Current page contains text 'Invalid password'.</msg>
<arg>${message}</arg>
<doc>Verifies that current page contains ``text``.</doc>
<status status="PASS" start="2025-11-17T23:12:24.383432" elapsed="1.027514"/>
</kw>
<arg>Invalid password</arg>
<status status="PASS" start="2025-11-17T23:12:23.868907" elapsed="1.542429"/>
</kw>
<status status="PASS" start="2025-11-17T23:12:16.361315" elapsed="9.050696"/>
</test>
<test id="s1-s3-t5" name="Register With Nonmatching Password And Password Confirmation" line="37">
<kw name="Reset Application Create User And Go To Register Page" type="SETUP">
<kw name="Reset Application" owner="AppLibrary">
<status status="PASS" start="2025-11-17T23:12:25.415038" elapsed="0.019450"/>
</kw>
<kw name="Create User" owner="AppLibrary">
<arg>kalle</arg>
<arg>kalle123</arg>
<status status="PASS" start="2025-11-17T23:12:25.434626" elapsed="0.007317"/>
</kw>
<kw name="Go To Register Page" owner="resource">
<kw name="Go To" owner="SeleniumLibrary">
<msg time="2025-11-17T23:12:25.443228" level="INFO">Opening url 'http://localhost:5001/register'</msg>
<arg>${REGISTER_URL}</arg>
<doc>Navigates the current browser window to the provided ``url``.</doc>
<status status="PASS" start="2025-11-17T23:12:25.442939" elapsed="0.545629"/>
</kw>
<status status="PASS" start="2025-11-17T23:12:25.442383" elapsed="0.546593"/>
</kw>
<status status="PASS" start="2025-11-17T23:12:25.414288" elapsed="0.574886"/>
</kw>
<kw name="Set Username">
<kw name="Input Text" owner="SeleniumLibrary">
<msg time="2025-11-17T23:12:25.991180" level="INFO">Typing text 'Ville1234' into text field 'username'.</msg>
<arg>username</arg>
<arg>${username}</arg>
<doc>Types the given ``text`` into the text field identified by ``locator``.</doc>
<status status="PASS" start="2025-11-17T23:12:25.990642" elapsed="1.608297"/>
</kw>
<arg>Ville1234</arg>
<status status="PASS" start="2025-11-17T23:12:25.989825" elapsed="1.609829"/>
</kw>
<kw name="Set Password">
<kw name="Input Password" owner="SeleniumLibrary">
<msg time="2025-11-17T23:12:27.601985" level="INFO">Typing password into text field 'password'.</msg>
<msg time="2025-11-17T23:12:28.646023" level="INFO">Temporally setting log level to: NONE</msg>
<arg>password</arg>
<arg>${password}</arg>
<doc>Types the given password into the text field identified by ``locator``.</doc>
<status status="PASS" start="2025-11-17T23:12:27.601390" elapsed="1.600567"/>
</kw>
<arg>Ville123</arg>
<status status="PASS" start="2025-11-17T23:12:27.600456" elapsed="1.601829"/>
</kw>
<kw name="Set Password Confirmation">
<kw name="Input Password" owner="SeleniumLibrary">
<msg time="2025-11-17T23:12:29.204404" level="INFO">Typing password into text field 'password_confirmation'.</msg>
<msg time="2025-11-17T23:12:30.245510" level="INFO">Temporally setting log level to: NONE</msg>
<arg>password_confirmation</arg>
<arg>${password confirmation}</arg>
<doc>Types the given password into the text field identified by ``locator``.</doc>
<status status="PASS" start="2025-11-17T23:12:29.203833" elapsed="1.600707"/>
</kw>
<arg>Ville321</arg>
<status status="PASS" start="2025-11-17T23:12:29.202940" elapsed="1.602032"/>
</kw>
<kw name="Click Button" owner="SeleniumLibrary">
<msg time="2025-11-17T23:12:30.806588" level="INFO">Clicking button 'Register'.</msg>
<arg>Register</arg>
<doc>Clicks the button identified by ``locator``.</doc>
<status status="PASS" start="2025-11-17T23:12:30.805656" elapsed="2.116220"/>
</kw>
<kw name="Register Should Fail With Message">
<kw name="Register Page Should Be Open" owner="resource">
<kw name="Title Should Be" owner="SeleniumLibrary">
<msg time="2025-11-17T23:12:33.433626" level="INFO">Page title is 'Register'.</msg>
<arg>Register</arg>
<doc>Verifies that the current page title equals ``title``.</doc>
<status status="PASS" start="2025-11-17T23:12:32.924627" elapsed="0.509348"/>
</kw>
<status status="PASS" start="2025-11-17T23:12:32.923945" elapsed="0.510336"/>
</kw>
<kw name="Page Should Contain" owner="SeleniumLibrary">
<msg time="2025-11-17T23:12:34.465287" level="INFO">Current page contains text 'Password and password confirmation don't match'.</msg>
<arg>${message}</arg>
<doc>Verifies that current page contains ``text``.</doc>
<status status="PASS" start="2025-11-17T23:12:33.434946" elapsed="1.030895"/>
</kw>
<arg>Password and password confirmation don't match</arg>
<status status="PASS" start="2025-11-17T23:12:32.922844" elapsed="1.543347"/>
</kw>
<status status="PASS" start="2025-11-17T23:12:25.412912" elapsed="9.053828"/>
</test>
<test id="s1-s3-t6" name="Register With Username That Is Already In Use" line="44">
<kw name="Reset Application Create User And Go To Register Page" type="SETUP">
<kw name="Reset Application" owner="AppLibrary">
<status status="PASS" start="2025-11-17T23:12:34.469904" elapsed="0.004600"/>
</kw>
<kw name="Create User" owner="AppLibrary">
<arg>kalle</arg>
<arg>kalle123</arg>
<status status="PASS" start="2025-11-17T23:12:34.474763" elapsed="0.005686"/>
</kw>
<kw name="Go To Register Page" owner="resource">
<kw name="Go To" owner="SeleniumLibrary">
<msg time="2025-11-17T23:12:34.481707" level="INFO">Opening url 'http://localhost:5001/register'</msg>
<arg>${REGISTER_URL}</arg>
<doc>Navigates the current browser window to the provided ``url``.</doc>
<status status="PASS" start="2025-11-17T23:12:34.481464" elapsed="0.532493"/>
</kw>
<status status="PASS" start="2025-11-17T23:12:34.480957" elapsed="0.533389"/>
</kw>
<status status="PASS" start="2025-11-17T23:12:34.469211" elapsed="0.545354"/>
</kw>
<kw name="Set Username">
<kw name="Input Text" owner="SeleniumLibrary">
<msg time="2025-11-17T23:12:35.016441" level="INFO">Typing text 'kalle' into text field 'username'.</msg>
<arg>username</arg>
<arg>${username}</arg>
<doc>Types the given ``text`` into the text field identified by ``locator``.</doc>
<status status="PASS" start="2025-11-17T23:12:35.015955" elapsed="1.602107"/>
</kw>
<arg>kalle</arg>
<status status="PASS" start="2025-11-17T23:12:35.015208" elapsed="1.603501"/>
</kw>
<kw name="Set Password">
<kw name="Input Password" owner="SeleniumLibrary">
<msg time="2025-11-17T23:12:36.621871" level="INFO">Typing password into text field 'password'.</msg>
<msg time="2025-11-17T23:12:37.670161" level="INFO">Temporally setting log level to: NONE</msg>
<arg>password</arg>
<arg>${password}</arg>
<doc>Types the given password into the text field identified by ``locator``.</doc>
<status status="PASS" start="2025-11-17T23:12:36.621093" elapsed="1.617516"/>
</kw>
<arg>Ville123</arg>
<status status="PASS" start="2025-11-17T23:12:36.619699" elapsed="1.619371"/>
</kw>
<kw name="Set Password Confirmation">
<kw name="Input Password" owner="SeleniumLibrary">
<msg time="2025-11-17T23:12:38.241733" level="INFO">Typing password into text field 'password_confirmation'.</msg>
<msg time="2025-11-17T23:12:39.289038" level="INFO">Temporally setting log level to: NONE</msg>
<arg>password_confirmation</arg>
<arg>${password confirmation}</arg>
<doc>Types the given password into the text field identified by ``locator``.</doc>
<status status="PASS" start="2025-11-17T23:12:38.240990" elapsed="1.609586"/>
</kw>
<arg>Ville123</arg>
<status status="PASS" start="2025-11-17T23:12:38.239845" elapsed="1.611118"/>
</kw>
<kw name="Click Button" owner="SeleniumLibrary">
<msg time="2025-11-17T23:12:39.852214" level="INFO">Clicking button 'Register'.</msg>
<arg>Register</arg>
<doc>Clicks the button identified by ``locator``.</doc>
<status status="PASS" start="2025-11-17T23:12:39.851599" elapsed="2.120440"/>
</kw>
<kw name="Register Should Fail With Message">
<kw name="Register Page Should Be Open" owner="resource">
<kw name="Title Should Be" owner="SeleniumLibrary">
<msg time="2025-11-17T23:12:42.485880" level="INFO">Page title is 'Register'.</msg>
<arg>Register</arg>
<doc>Verifies that the current page title equals ``title``.</doc>
<status status="PASS" start="2025-11-17T23:12:41.974906" elapsed="0.511632"/>
</kw>
<status status="PASS" start="2025-11-17T23:12:41.974142" elapsed="0.512913"/>
</kw>
<kw name="Page Should Contain" owner="SeleniumLibrary">
<msg time="2025-11-17T23:12:43.517844" level="INFO">Current page contains text 'User with username kalle already exists'.</msg>
<arg>${message}</arg>
<doc>Verifies that current page contains ``text``.</doc>
<status status="PASS" start="2025-11-17T23:12:42.487657" elapsed="1.030557"/>
</kw>
<arg>User with username kalle already exists</arg>
<status status="PASS" start="2025-11-17T23:12:41.973086" elapsed="1.545515"/>
</kw>
<status status="PASS" start="2025-11-17T23:12:34.467466" elapsed="9.052168"/>
</test>
<kw name="Close Browser" owner="SeleniumLibrary" type="TEARDOWN">
<doc>Closes the current browser.</doc>
<status status="PASS" start="2025-11-17T23:12:43.520781" elapsed="0.560538"/>
</kw>
<status status="PASS" start="2025-11-17T23:11:49.801710" elapsed="54.279788"/>
</suite>
<status status="PASS" start="2025-11-17T23:11:22.627097" elapsed="81.455588"/>
</suite>
<statistics>
<total>
<stat pass="11" fail="0" skip="0">All Tests</stat>
</total>
<tag>
</tag>
<suite>
<stat name="Tests" id="s1" pass="11" fail="0" skip="0">Tests</stat>
<stat name="Home" id="s1-s1" pass="2" fail="0" skip="0">Tests.Home</stat>
<stat name="Login" id="s1-s2" pass="3" fail="0" skip="0">Tests.Login</stat>
<stat name="Register" id="s1-s3" pass="6" fail="0" skip="0">Tests.Register</stat>
</suite>
</statistics>
<errors>
</errors>
</robot>
